{"/Users/pradykolli/Documents/GitHub/sampleLandingPage/src/components/Bar.tsx": {"path":"/Users/pradykolli/Documents/GitHub/sampleLandingPage/src/components/Bar.tsx","statementMap":{"0":{"start":{"line":5,"column":0},"end":{"line":5,"column":27}},"1":{"start":{"line":11,"column":42},"end":{"line":21,"column":1}},"2":{"start":{"line":12,"column":2},"end":{"line":20,"column":4}},"3":{"start":{"line":15,"column":8},"end":{"line":15,"column":25}},"4":{"start":{"line":11,"column":13},"end":{"line":11,"column":42}},"5":{"start":{"line":23,"column":45},"end":{"line":36,"column":1}},"6":{"start":{"line":24,"column":2},"end":{"line":35,"column":4}},"7":{"start":{"line":27,"column":8},"end":{"line":28,"column":null}},"8":{"start":{"line":23,"column":13},"end":{"line":23,"column":45}}},"fnMap":{"0":{"name":"(anonymous_0)","decl":{"start":{"line":11,"column":42},"end":{"line":11,"column":43}},"loc":{"start":{"line":11,"column":56},"end":{"line":21,"column":1}}},"1":{"name":"(anonymous_1)","decl":{"start":{"line":14,"column":17},"end":{"line":14,"column":18}},"loc":{"start":{"line":15,"column":8},"end":{"line":15,"column":25}}},"2":{"name":"(anonymous_2)","decl":{"start":{"line":23,"column":45},"end":{"line":23,"column":46}},"loc":{"start":{"line":23,"column":59},"end":{"line":36,"column":1}}},"3":{"name":"(anonymous_3)","decl":{"start":{"line":26,"column":17},"end":{"line":26,"column":18}},"loc":{"start":{"line":27,"column":8},"end":{"line":28,"column":null}}}},"branchMap":{"0":{"loc":{"start":{"line":29,"column":32},"end":{"line":29,"column":63}},"type":"cond-expr","locations":[{"start":{"line":29,"column":44},"end":{"line":29,"column":58}},{"start":{"line":29,"column":61},"end":{"line":29,"column":63}}]}},"s":{"0":1,"1":1,"2":3,"3":4,"4":1,"5":1,"6":3,"7":5,"8":1},"f":{"0":3,"1":4,"2":3,"3":5},"b":{"0":[2,3]}}
,"/Users/pradykolli/Documents/GitHub/sampleLandingPage/src/components/CornerMark.tsx": {"path":"/Users/pradykolli/Documents/GitHub/sampleLandingPage/src/components/CornerMark.tsx","statementMap":{"0":{"start":{"line":3,"column":0},"end":{"line":3,"column":34}},"1":{"start":{"line":6,"column":46},"end":{"line":43,"column":1}},"2":{"start":{"line":7,"column":25},"end":{"line":15,"column":3}},"3":{"start":{"line":8,"column":48},"end":{"line":13,"column":6}},"4":{"start":{"line":14,"column":4},"end":{"line":14,"column":45}},"5":{"start":{"line":17,"column":27},"end":{"line":25,"column":3}},"6":{"start":{"line":18,"column":44},"end":{"line":23,"column":6}},"7":{"start":{"line":24,"column":4},"end":{"line":24,"column":35}},"8":{"start":{"line":27,"column":29},"end":{"line":35,"column":3}},"9":{"start":{"line":28,"column":44},"end":{"line":33,"column":6}},"10":{"start":{"line":34,"column":4},"end":{"line":34,"column":35}},"11":{"start":{"line":37,"column":2},"end":{"line":42,"column":4}},"12":{"start":{"line":45,"column":0},"end":{"line":45,"column":26}}},"fnMap":{"0":{"name":"(anonymous_0)","decl":{"start":{"line":6,"column":46},"end":{"line":6,"column":47}},"loc":{"start":{"line":6,"column":63},"end":{"line":43,"column":1}}},"1":{"name":"(anonymous_1)","decl":{"start":{"line":7,"column":25},"end":{"line":7,"column":28}},"loc":{"start":{"line":7,"column":30},"end":{"line":15,"column":3}}},"2":{"name":"(anonymous_2)","decl":{"start":{"line":17,"column":27},"end":{"line":17,"column":30}},"loc":{"start":{"line":17,"column":32},"end":{"line":25,"column":3}}},"3":{"name":"(anonymous_3)","decl":{"start":{"line":27,"column":29},"end":{"line":27,"column":32}},"loc":{"start":{"line":27,"column":34},"end":{"line":35,"column":3}}}},"branchMap":{"0":{"loc":{"start":{"line":14,"column":11},"end":{"line":14,"column":44}},"type":"binary-expr","locations":[{"start":{"line":14,"column":11},"end":{"line":14,"column":32}},{"start":{"line":14,"column":36},"end":{"line":14,"column":44}}]},"1":{"loc":{"start":{"line":24,"column":11},"end":{"line":24,"column":34}},"type":"binary-expr","locations":[{"start":{"line":24,"column":11},"end":{"line":24,"column":28}},{"start":{"line":24,"column":32},"end":{"line":24,"column":34}}]},"2":{"loc":{"start":{"line":34,"column":11},"end":{"line":34,"column":34}},"type":"binary-expr","locations":[{"start":{"line":34,"column":11},"end":{"line":34,"column":28}},{"start":{"line":34,"column":32},"end":{"line":34,"column":34}}]}},"s":{"0":1,"1":1,"2":5,"3":5,"4":5,"5":5,"6":5,"7":5,"8":5,"9":5,"10":5,"11":5,"12":1},"f":{"0":5,"1":5,"2":5,"3":5},"b":{"0":[5,0],"1":[5,0],"2":[5,0]}}
,"/Users/pradykolli/Documents/GitHub/sampleLandingPage/src/components/CursorTrail.tsx": {"path":"/Users/pradykolli/Documents/GitHub/sampleLandingPage/src/components/CursorTrail.tsx","statementMap":{"0":{"start":{"line":1,"column":0},"end":{"line":1,"column":41}},"1":{"start":{"line":7,"column":48},"end":{"line":45,"column":1}},"2":{"start":{"line":8,"column":2},"end":{"line":42,"column":18}},"3":{"start":{"line":9,"column":4},"end":{"line":9,"column":27}},"4":{"start":{"line":9,"column":20},"end":{"line":9,"column":27}},"5":{"start":{"line":11,"column":28},"end":{"line":35,"column":5}},"6":{"start":{"line":12,"column":18},"end":{"line":12,"column":47}},"7":{"start":{"line":13,"column":6},"end":{"line":25,"column":8}},"8":{"start":{"line":26,"column":6},"end":{"line":26,"column":37}},"9":{"start":{"line":28,"column":6},"end":{"line":30,"column":14}},"10":{"start":{"line":29,"column":8},"end":{"line":29,"column":32}},"11":{"start":{"line":32,"column":6},"end":{"line":34,"column":14}},"12":{"start":{"line":33,"column":8},"end":{"line":33,"column":21}},"13":{"start":{"line":37,"column":4},"end":{"line":37,"column":60}},"14":{"start":{"line":39,"column":4},"end":{"line":41,"column":6}},"15":{"start":{"line":40,"column":6},"end":{"line":40,"column":65}},"16":{"start":{"line":44,"column":2},"end":{"line":44,"column":14}},"17":{"start":{"line":47,"column":0},"end":{"line":47,"column":27}}},"fnMap":{"0":{"name":"(anonymous_0)","decl":{"start":{"line":7,"column":48},"end":{"line":7,"column":49}},"loc":{"start":{"line":7,"column":73},"end":{"line":45,"column":1}}},"1":{"name":"(anonymous_1)","decl":{"start":{"line":8,"column":12},"end":{"line":8,"column":15}},"loc":{"start":{"line":8,"column":17},"end":{"line":42,"column":3}}},"2":{"name":"(anonymous_2)","decl":{"start":{"line":11,"column":28},"end":{"line":11,"column":29}},"loc":{"start":{"line":11,"column":46},"end":{"line":35,"column":5}}},"3":{"name":"(anonymous_3)","decl":{"start":{"line":28,"column":17},"end":{"line":28,"column":20}},"loc":{"start":{"line":28,"column":22},"end":{"line":30,"column":7}}},"4":{"name":"(anonymous_4)","decl":{"start":{"line":32,"column":17},"end":{"line":32,"column":20}},"loc":{"start":{"line":32,"column":22},"end":{"line":34,"column":7}}},"5":{"name":"(anonymous_5)","decl":{"start":{"line":39,"column":11},"end":{"line":39,"column":14}},"loc":{"start":{"line":39,"column":16},"end":{"line":41,"column":5}}}},"branchMap":{"0":{"loc":{"start":{"line":7,"column":51},"end":{"line":7,"column":67}},"type":"default-arg","locations":[{"start":{"line":7,"column":63},"end":{"line":7,"column":67}}]},"1":{"loc":{"start":{"line":9,"column":4},"end":{"line":9,"column":27}},"type":"if","locations":[{"start":{"line":9,"column":4},"end":{"line":9,"column":27}},{"start":{},"end":{}}]}},"s":{"0":0,"1":0,"2":0,"3":0,"4":0,"5":0,"6":0,"7":0,"8":0,"9":0,"10":0,"11":0,"12":0,"13":0,"14":0,"15":0,"16":0,"17":0},"f":{"0":0,"1":0,"2":0,"3":0,"4":0,"5":0},"b":{"0":[0],"1":[0,0]}}
,"/Users/pradykolli/Documents/GitHub/sampleLandingPage/src/components/DownloadButton.tsx": {"path":"/Users/pradykolli/Documents/GitHub/sampleLandingPage/src/components/DownloadButton.tsx","statementMap":{"0":{"start":{"line":5,"column":0},"end":{"line":5,"column":38}},"1":{"start":{"line":8,"column":54},"end":{"line":24,"column":1}},"2":{"start":{"line":14,"column":2},"end":{"line":23,"column":4}},"3":{"start":{"line":26,"column":0},"end":{"line":26,"column":30}}},"fnMap":{"0":{"name":"(anonymous_0)","decl":{"start":{"line":8,"column":54},"end":{"line":8,"column":55}},"loc":{"start":{"line":13,"column":5},"end":{"line":24,"column":1}}}},"branchMap":{"0":{"loc":{"start":{"line":11,"column":2},"end":{"line":11,"column":19}},"type":"default-arg","locations":[{"start":{"line":11,"column":14},"end":{"line":11,"column":19}}]},"1":{"loc":{"start":{"line":16,"column":26},"end":{"line":16,"column":57}},"type":"cond-expr","locations":[{"start":{"line":16,"column":38},"end":{"line":16,"column":52}},{"start":{"line":16,"column":55},"end":{"line":16,"column":57}}]},"2":{"loc":{"start":{"line":18,"column":18},"end":{"line":18,"column":36}},"type":"binary-expr","locations":[{"start":{"line":18,"column":18},"end":{"line":18,"column":27}},{"start":{"line":18,"column":31},"end":{"line":18,"column":36}}]}},"s":{"0":1,"1":1,"2":5,"3":1},"f":{"0":5},"b":{"0":[4],"1":[1,4],"2":[5,4]}}
,"/Users/pradykolli/Documents/GitHub/sampleLandingPage/src/components/Logo.tsx": {"path":"/Users/pradykolli/Documents/GitHub/sampleLandingPage/src/components/Logo.tsx","statementMap":{"0":{"start":{"line":5,"column":0},"end":{"line":5,"column":28}},"1":{"start":{"line":11,"column":34},"end":{"line":106,"column":1}},"2":{"start":{"line":12,"column":2},"end":{"line":105,"column":4}},"3":{"start":{"line":108,"column":0},"end":{"line":108,"column":20}}},"fnMap":{"0":{"name":"(anonymous_0)","decl":{"start":{"line":11,"column":34},"end":{"line":11,"column":35}},"loc":{"start":{"line":11,"column":67},"end":{"line":106,"column":1}}}},"branchMap":{"0":{"loc":{"start":{"line":11,"column":37},"end":{"line":11,"column":61}},"type":"default-arg","locations":[{"start":{"line":11,"column":49},"end":{"line":11,"column":61}}]}},"s":{"0":1,"1":1,"2":4,"3":1},"f":{"0":4},"b":{"0":[3]}}
,"/Users/pradykolli/Documents/GitHub/sampleLandingPage/src/components/Tagline.tsx": {"path":"/Users/pradykolli/Documents/GitHub/sampleLandingPage/src/components/Tagline.tsx","statementMap":{"0":{"start":{"line":5,"column":0},"end":{"line":5,"column":31}},"1":{"start":{"line":13,"column":40},"end":{"line":27,"column":1}},"2":{"start":{"line":18,"column":2},"end":{"line":26,"column":4}},"3":{"start":{"line":29,"column":0},"end":{"line":29,"column":23}}},"fnMap":{"0":{"name":"(anonymous_0)","decl":{"start":{"line":13,"column":40},"end":{"line":13,"column":41}},"loc":{"start":{"line":17,"column":5},"end":{"line":27,"column":1}}}},"branchMap":{"0":{"loc":{"start":{"line":14,"column":2},"end":{"line":14,"column":34}},"type":"default-arg","locations":[{"start":{"line":14,"column":9},"end":{"line":14,"column":34}}]},"1":{"loc":{"start":{"line":15,"column":2},"end":{"line":15,"column":24}},"type":"default-arg","locations":[{"start":{"line":15,"column":15},"end":{"line":15,"column":24}}]},"2":{"loc":{"start":{"line":16,"column":2},"end":{"line":16,"column":27}},"type":"default-arg","locations":[{"start":{"line":16,"column":11},"end":{"line":16,"column":27}}]}},"s":{"0":1,"1":1,"2":4,"3":1},"f":{"0":4},"b":{"0":[3],"1":[2],"2":[3]}}
,"/Users/pradykolli/Documents/GitHub/sampleLandingPage/src/components/Waitlist.tsx": {"path":"/Users/pradykolli/Documents/GitHub/sampleLandingPage/src/components/Waitlist.tsx","statementMap":{"0":{"start":{"line":3,"column":0},"end":{"line":3,"column":40}},"1":{"start":{"line":5,"column":0},"end":{"line":5,"column":32}},"2":{"start":{"line":17,"column":22},"end":{"line":19,"column":1}},"3":{"start":{"line":18,"column":2},"end":{"line":18,"column":50}},"4":{"start":{"line":21,"column":42},"end":{"line":111,"column":1}},"5":{"start":{"line":29,"column":34},"end":{"line":33,"column":4}},"6":{"start":{"line":35,"column":28},"end":{"line":38,"column":3}},"7":{"start":{"line":36,"column":18},"end":{"line":36,"column":39}},"8":{"start":{"line":37,"column":4},"end":{"line":37,"column":63}},"9":{"start":{"line":40,"column":23},"end":{"line":66,"column":3}},"10":{"start":{"line":41,"column":4},"end":{"line":47,"column":5}},"11":{"start":{"line":42,"column":6},"end":{"line":45,"column":10}},"12":{"start":{"line":42,"column":29},"end":{"line":45,"column":8}},"13":{"start":{"line":46,"column":6},"end":{"line":46,"column":13}},"14":{"start":{"line":49,"column":4},"end":{"line":55,"column":5}},"15":{"start":{"line":50,"column":6},"end":{"line":53,"column":10}},"16":{"start":{"line":50,"column":29},"end":{"line":53,"column":8}},"17":{"start":{"line":54,"column":6},"end":{"line":54,"column":13}},"18":{"start":{"line":57,"column":4},"end":{"line":59,"column":5}},"19":{"start":{"line":58,"column":6},"end":{"line":58,"column":31}},"20":{"start":{"line":61,"column":4},"end":{"line":65,"column":7}},"21":{"start":{"line":68,"column":25},"end":{"line":72,"column":3}},"22":{"start":{"line":69,"column":4},"end":{"line":71,"column":5}},"23":{"start":{"line":70,"column":6},"end":{"line":70,"column":21}},"24":{"start":{"line":74,"column":2},"end":{"line":110,"column":4}},"25":{"start":{"line":113,"column":0},"end":{"line":113,"column":24}}},"fnMap":{"0":{"name":"(anonymous_0)","decl":{"start":{"line":17,"column":22},"end":{"line":17,"column":23}},"loc":{"start":{"line":17,"column":49},"end":{"line":19,"column":1}}},"1":{"name":"(anonymous_1)","decl":{"start":{"line":21,"column":42},"end":{"line":21,"column":43}},"loc":{"start":{"line":28,"column":5},"end":{"line":111,"column":1}}},"2":{"name":"(anonymous_2)","decl":{"start":{"line":35,"column":28},"end":{"line":35,"column":29}},"loc":{"start":{"line":35,"column":71},"end":{"line":38,"column":3}}},"3":{"name":"(anonymous_3)","decl":{"start":{"line":40,"column":23},"end":{"line":40,"column":26}},"loc":{"start":{"line":40,"column":28},"end":{"line":66,"column":3}}},"4":{"name":"(anonymous_4)","decl":{"start":{"line":42,"column":18},"end":{"line":42,"column":19}},"loc":{"start":{"line":42,"column":29},"end":{"line":45,"column":8}}},"5":{"name":"(anonymous_5)","decl":{"start":{"line":50,"column":18},"end":{"line":50,"column":19}},"loc":{"start":{"line":50,"column":29},"end":{"line":53,"column":8}}},"6":{"name":"(anonymous_6)","decl":{"start":{"line":68,"column":25},"end":{"line":68,"column":26}},"loc":{"start":{"line":68,"column":70},"end":{"line":72,"column":3}}}},"branchMap":{"0":{"loc":{"start":{"line":23,"column":2},"end":{"line":23,"column":31}},"type":"default-arg","locations":[{"start":{"line":23,"column":10},"end":{"line":23,"column":31}}]},"1":{"loc":{"start":{"line":24,"column":2},"end":{"line":24,"column":32}},"type":"default-arg","locations":[{"start":{"line":24,"column":16},"end":{"line":24,"column":32}}]},"2":{"loc":{"start":{"line":25,"column":2},"end":{"line":25,"column":26}},"type":"default-arg","locations":[{"start":{"line":25,"column":15},"end":{"line":25,"column":26}}]},"3":{"loc":{"start":{"line":26,"column":2},"end":{"line":26,"column":58}},"type":"default-arg","locations":[{"start":{"line":26,"column":19},"end":{"line":26,"column":58}}]},"4":{"loc":{"start":{"line":27,"column":2},"end":{"line":27,"column":53}},"type":"default-arg","locations":[{"start":{"line":27,"column":13},"end":{"line":27,"column":53}}]},"5":{"loc":{"start":{"line":41,"column":4},"end":{"line":47,"column":5}},"type":"if","locations":[{"start":{"line":41,"column":4},"end":{"line":47,"column":5}},{"start":{},"end":{}}]},"6":{"loc":{"start":{"line":49,"column":4},"end":{"line":55,"column":5}},"type":"if","locations":[{"start":{"line":49,"column":4},"end":{"line":55,"column":5}},{"start":{},"end":{}}]},"7":{"loc":{"start":{"line":57,"column":4},"end":{"line":59,"column":5}},"type":"if","locations":[{"start":{"line":57,"column":4},"end":{"line":59,"column":5}},{"start":{},"end":{}}]},"8":{"loc":{"start":{"line":69,"column":4},"end":{"line":71,"column":5}},"type":"if","locations":[{"start":{"line":69,"column":4},"end":{"line":71,"column":5}},{"start":{},"end":{}}]},"9":{"loc":{"start":{"line":78,"column":7},"end":{"line":107,"column":null}},"type":"cond-expr","locations":[{"start":{"line":79,"column":8},"end":{"line":101,"column":null}},{"start":{"line":104,"column":8},"end":{"line":106,"column":null}}]},"10":{"loc":{"start":{"line":98,"column":11},"end":{"line":99,"column":null}},"type":"binary-expr","locations":[{"start":{"line":98,"column":11},"end":{"line":98,"column":25}},{"start":{"line":99,"column":12},"end":{"line":99,"column":64}}]}},"s":{"0":1,"1":1,"2":1,"3":4,"4":1,"5":90,"6":90,"7":75,"8":75,"9":90,"10":6,"11":2,"12":2,"13":2,"14":4,"15":1,"16":1,"17":1,"18":3,"19":2,"20":3,"21":90,"22":76,"23":1,"24":90,"25":1},"f":{"0":4,"1":90,"2":75,"3":6,"4":2,"5":1,"6":76},"b":{"0":[89],"1":[89],"2":[89],"3":[90],"4":[89],"5":[2,4],"6":[1,3],"7":[2,1],"8":[1,75],"9":[87,3],"10":[87,3]}}
,"/Users/pradykolli/Documents/GitHub/sampleLandingPage/src/styles/theme.ts": {"path":"/Users/pradykolli/Documents/GitHub/sampleLandingPage/src/styles/theme.ts","statementMap":{"0":{"start":{"line":2,"column":13},"end":{"line":61,"column":2}}},"fnMap":{},"branchMap":{},"s":{"0":0},"f":{},"b":{}}
}
