TN:
SF:src/components/Bar.tsx
FN:11,(anonymous_0)
FN:14,(anonymous_1)
FN:23,(anonymous_2)
FN:26,(anonymous_3)
FNF:4
FNH:4
FNDA:3,(anonymous_0)
FNDA:4,(anonymous_1)
FNDA:3,(anonymous_2)
FNDA:5,(anonymous_3)
DA:5,1
DA:11,1
DA:12,3
DA:15,4
DA:23,1
DA:24,3
DA:27,5
LF:7
LH:7
BRDA:29,0,0,2
BRDA:29,0,1,3
BRF:2
BRH:2
end_of_record
TN:
SF:src/components/CornerMark.tsx
FN:6,(anonymous_0)
FN:7,(anonymous_1)
FN:17,(anonymous_2)
FN:27,(anonymous_3)
FNF:4
FNH:4
FNDA:5,(anonymous_0)
FNDA:5,(anonymous_1)
FNDA:5,(anonymous_2)
FNDA:5,(anonymous_3)
DA:3,1
DA:6,1
DA:7,5
DA:8,5
DA:14,5
DA:17,5
DA:18,5
DA:24,5
DA:27,5
DA:28,5
DA:34,5
DA:37,5
DA:45,1
LF:13
LH:13
BRDA:14,0,0,5
BRDA:14,0,1,0
BRDA:24,1,0,5
BRDA:24,1,1,0
BRDA:34,2,0,5
BRDA:34,2,1,0
BRF:6
BRH:3
end_of_record
TN:
SF:src/components/CursorTrail.tsx
FN:7,(anonymous_0)
FN:8,(anonymous_1)
FN:11,(anonymous_2)
FN:28,(anonymous_3)
FN:32,(anonymous_4)
FN:39,(anonymous_5)
FNF:6
FNH:0
FNDA:0,(anonymous_0)
FNDA:0,(anonymous_1)
FNDA:0,(anonymous_2)
FNDA:0,(anonymous_3)
FNDA:0,(anonymous_4)
FNDA:0,(anonymous_5)
DA:1,0
DA:7,0
DA:8,0
DA:9,0
DA:11,0
DA:12,0
DA:13,0
DA:26,0
DA:28,0
DA:29,0
DA:32,0
DA:33,0
DA:37,0
DA:39,0
DA:40,0
DA:44,0
DA:47,0
LF:17
LH:0
BRDA:7,0,0,0
BRDA:9,1,0,0
BRDA:9,1,1,0
BRF:3
BRH:0
end_of_record
TN:
SF:src/components/DownloadButton.tsx
FN:8,(anonymous_0)
FNF:1
FNH:1
FNDA:5,(anonymous_0)
DA:5,1
DA:8,1
DA:14,5
DA:26,1
LF:4
LH:4
BRDA:11,0,0,4
BRDA:16,1,0,1
BRDA:16,1,1,4
BRDA:18,2,0,5
BRDA:18,2,1,4
BRF:5
BRH:5
end_of_record
TN:
SF:src/components/Logo.tsx
FN:11,(anonymous_0)
FNF:1
FNH:1
FNDA:4,(anonymous_0)
DA:5,1
DA:11,1
DA:12,4
DA:108,1
LF:4
LH:4
BRDA:11,0,0,3
BRF:1
BRH:1
end_of_record
TN:
SF:src/components/Tagline.tsx
FN:13,(anonymous_0)
FNF:1
FNH:1
FNDA:4,(anonymous_0)
DA:5,1
DA:13,1
DA:18,4
DA:29,1
LF:4
LH:4
BRDA:14,0,0,3
BRDA:15,1,0,2
BRDA:16,2,0,3
BRF:3
BRH:3
end_of_record
TN:
SF:src/components/Waitlist.tsx
FN:17,(anonymous_0)
FN:21,(anonymous_1)
FN:35,(anonymous_2)
FN:40,(anonymous_3)
FN:42,(anonymous_4)
FN:50,(anonymous_5)
FN:68,(anonymous_6)
FNF:7
FNH:7
FNDA:4,(anonymous_0)
FNDA:90,(anonymous_1)
FNDA:75,(anonymous_2)
FNDA:6,(anonymous_3)
FNDA:2,(anonymous_4)
FNDA:1,(anonymous_5)
FNDA:76,(anonymous_6)
DA:3,1
DA:5,1
DA:17,1
DA:18,4
DA:21,1
DA:29,90
DA:35,90
DA:36,75
DA:37,75
DA:40,90
DA:41,6
DA:42,2
DA:46,2
DA:49,4
DA:50,1
DA:54,1
DA:57,3
DA:58,2
DA:61,3
DA:68,90
DA:69,76
DA:70,1
DA:74,90
DA:113,1
LF:24
LH:24
BRDA:23,0,0,89
BRDA:24,1,0,89
BRDA:25,2,0,89
BRDA:26,3,0,90
BRDA:27,4,0,89
BRDA:41,5,0,2
BRDA:41,5,1,4
BRDA:49,6,0,1
BRDA:49,6,1,3
BRDA:57,7,0,2
BRDA:57,7,1,1
BRDA:69,8,0,1
BRDA:69,8,1,75
BRDA:78,9,0,87
BRDA:78,9,1,3
BRDA:98,10,0,87
BRDA:98,10,1,3
BRF:17
BRH:17
end_of_record
TN:
SF:src/styles/theme.ts
FNF:0
FNH:0
DA:2,0
LF:1
LH:0
BRF:0
BRH:0
end_of_record
